#
# There is insufficient memory for the Java Runtime Environment to continue.
# Native memory allocation (malloc) failed to allocate 994496 bytes for Chunk::new
# Possible reasons:
#   The system is out of physical RAM or swap space
#   The process is running with CompressedOops enabled, and the Java Heap may be blocking the growth of the native heap
# Possible solutions:
#   Reduce memory load on the system
#   Increase physical memory or swap space
#   Check if swap backing store is full
#   Decrease Java heap size (-Xmx/-Xms)
#   Decrease number of Java threads
#   Decrease Java thread stack sizes (-Xss)
#   Set larger code cache with -XX:ReservedCodeCacheSize=
#   JVM is running with Unscaled Compressed Oops mode in which the Java heap is
#     placed in the first 4GB address space. The Java Heap base address is the
#     maximum limit for the native heap growth. Please use -XX:HeapBaseMinAddress
#     to set the Java Heap base and to place the Java Heap above 4GB virtual address.
# This output file may be truncated or incomplete.
#
#  Out of Memory Error (allocation.cpp:389), pid=16836, tid=0x00000000000028ac
#
# JRE version: OpenJDK Runtime Environment (8.0_242-b01) (build 1.8.0_242-release-1644-b01)
# Java VM: OpenJDK 64-Bit Server VM (25.242-b01 mixed mode windows-amd64 compressed oops)
# Failed to write core dump. Minidumps are not enabled by default on client versions of Windows
#

---------------  T H R E A D  ---------------

Current thread (0x000000001a1c7000):  JavaThread "C2 CompilerThread2" daemon [_thread_in_native, id=10412, stack(0x000000001ac90000,0x000000001ad90000)]

Stack: [0x000000001ac90000,0x000000001ad90000]
[error occurred during error reporting (printing stack bounds), id 0xc0000005]

Native frames: (J=compiled Java code, j=interpreted, Vv=VM code, C=native code)


Current CompileTask:
C2: 649780 14849       4       org.gradle.api.internal.artifacts.ivyservice.resolveengine.graph.builder.DependencyGraphBuilder::performSelectionSerially (113 bytes)


---------------  P R O C E S S  ---------------

Java Threads: ( => current thread )
  0x0000000030d3e800 JavaThread "jar transforms Thread 235" [_thread_in_Java, id=12456, stack(0x0000000023160000,0x0000000023260000)]
  0x0000000030d3e000 JavaThread "jar transforms Thread 234" [_thread_blocked, id=19636, stack(0x0000000023060000,0x0000000023160000)]
  0x0000000030d3a000 JavaThread "jar transforms Thread 233" [_thread_blocked, id=3936, stack(0x0000000022f60000,0x0000000023060000)]
  0x000000001ff11000 JavaThread "Build operations Thread 8" [_thread_blocked, id=23252, stack(0x0000000022e60000,0x0000000022f60000)]
  0x000000001ff10000 JavaThread "Build operations Thread 7" [_thread_blocked, id=19012, stack(0x0000000022d60000,0x0000000022e60000)]
  0x000000001ff11800 JavaThread "Build operations Thread 6" [_thread_blocked, id=12580, stack(0x00000000229c0000,0x0000000022ac0000)]
  0x000000001ff0f800 JavaThread "Build operations Thread 5" [_thread_blocked, id=10868, stack(0x00000000228c0000,0x00000000229c0000)]
  0x000000001ff15800 JavaThread "Build operations Thread 4" [_thread_blocked, id=24328, stack(0x00000000227c0000,0x00000000228c0000)]
  0x000000001ff13000 JavaThread "Build operations Thread 3" [_thread_blocked, id=23240, stack(0x0000000021650000,0x0000000021750000)]
  0x000000001ff12800 JavaThread "Build operations Thread 2" [_thread_blocked, id=9560, stack(0x0000000021550000,0x0000000021650000)]
  0x000000001ff14000 JavaThread "Build operations" [_thread_blocked, id=15420, stack(0x0000000021450000,0x0000000021550000)]
  0x000000001ff14800 JavaThread "Cache worker for cache directory md-rule (C:\Users\uttka\.gradle\caches\6.5\md-rule)" [_thread_blocked, id=19692, stack(0x0000000021350000,0x0000000021450000)]
  0x000000001ff08000 JavaThread "Cache worker for cache directory md-supplier (C:\Users\uttka\.gradle\caches\6.5\md-supplier)" [_thread_blocked, id=18256, stack(0x000000001ebb0000,0x000000001ecb0000)]
  0x000000001ff0d000 JavaThread "Cache worker for checksums cache (D:\Anroid Projects\Chat_App_Kotlin\.gradle\checksums)" [_thread_blocked, id=21956, stack(0x000000001e8b0000,0x000000001e9b0000)]
  0x000000001ff0b800 JavaThread "Cache worker for file hash cache (D:\Anroid Projects\Chat_App_Kotlin\.gradle\6.5\fileHashes)" [_thread_blocked, id=21844, stack(0x000000001e7b0000,0x000000001e8b0000)]
  0x000000001ff08800 JavaThread "Thread-301" [_thread_blocked, id=5232, stack(0x000000001e4b0000,0x000000001e5b0000)]
  0x000000001ff0b000 JavaThread "Stdin handler" [_thread_blocked, id=2944, stack(0x000000001e3b0000,0x000000001e4b0000)]
  0x000000001ff0e800 JavaThread "Asynchronous log dispatcher for DefaultDaemonConnection: socket connection from /127.0.0.1:49457 to /127.0.0.1:49737" [_thread_blocked, id=21020, stack(0x000000001df70000,0x000000001e070000)]
  0x000000001ff0e000 JavaThread "Daemon worker Thread 3" [_thread_in_vm, id=24472, stack(0x000000001de70000,0x000000001df70000)]
  0x000000001ff09800 JavaThread "Cancel handler" [_thread_blocked, id=3708, stack(0x0000000001740000,0x0000000001840000)]
  0x000000001ff0c800 JavaThread "Handler for socket connection from /127.0.0.1:49457 to /127.0.0.1:49737" [_thread_in_native, id=20228, stack(0x0000000001640000,0x0000000001740000)]
  0x000000001ff06800 JavaThread "Daemon Thread 3" [_thread_blocked, id=2828, stack(0x0000000001540000,0x0000000001640000)]
  0x00000000207f2800 JavaThread "Memory manager" [_thread_blocked, id=24268, stack(0x000000002e660000,0x000000002e760000)]
  0x000000001c67a000 JavaThread "Cache worker for file content cache (C:\Users\uttka\.gradle\caches\6.5\fileContent)" [_thread_blocked, id=19172, stack(0x0000000024860000,0x0000000024960000)]
  0x000000001c67c000 JavaThread "Cache worker for execution history cache (C:\Users\uttka\.gradle\caches\6.5\executionHistory)" [_thread_blocked, id=8788, stack(0x0000000024360000,0x0000000024460000)]
  0x000000001ceea800 JavaThread "Cache worker for file hash cache (C:\Users\uttka\.gradle\caches\6.5\fileHashes)" [_thread_blocked, id=24524, stack(0x000000001f0b0000,0x000000001f1b0000)]
  0x000000001cee9800 JavaThread "File lock request listener" [_thread_in_native, id=9300, stack(0x000000001efb0000,0x000000001f0b0000)]
  0x000000001cee7800 JavaThread "Cache worker for journal cache (C:\Users\uttka\.gradle\caches\journal-1)" [_thread_blocked, id=17336, stack(0x000000001eeb0000,0x000000001efb0000)]
  0x000000001cd79800 JavaThread "Daemon periodic checks" [_thread_blocked, id=3604, stack(0x000000001e2b0000,0x000000001e3b0000)]
  0x000000001ccd5000 JavaThread "Incoming local TCP Connector on port 49457" [_thread_in_native, id=22720, stack(0x000000001e070000,0x000000001e170000)]
  0x000000001cbc3800 JavaThread "Daemon health stats" [_thread_blocked, id=17148, stack(0x000000001da30000,0x000000001db30000)]
  0x000000001a256800 JavaThread "Service Thread" daemon [_thread_blocked, id=11052, stack(0x000000001ae90000,0x000000001af90000)]
  0x000000001a1d5000 JavaThread "C1 CompilerThread3" daemon [_thread_blocked, id=24292, stack(0x000000001ad90000,0x000000001ae90000)]
=>0x000000001a1c7000 JavaThread "C2 CompilerThread2" daemon [_thread_in_native, id=10412, stack(0x000000001ac90000,0x000000001ad90000)]
  0x00000000183cb000 JavaThread "C2 CompilerThread1" daemon [_thread_in_vm, id=9836, stack(0x000000001ab90000,0x000000001ac90000)]
  0x000000001a1c2000 JavaThread "C2 CompilerThread0" daemon [_thread_blocked, id=13924, stack(0x000000001aa90000,0x000000001ab90000)]
  0x000000001a1c1000 JavaThread "Attach Listener" daemon [_thread_blocked, id=21472, stack(0x000000001a990000,0x000000001aa90000)]
  0x000000001a1c0000 JavaThread "Signal Dispatcher" daemon [_thread_blocked, id=14060, stack(0x000000001a890000,0x000000001a990000)]
  0x000000000334d800 JavaThread "Finalizer" daemon [_thread_blocked, id=12328, stack(0x000000001a690000,0x000000001a790000)]
  0x0000000003347000 JavaThread "Reference Handler" daemon [_thread_blocked, id=22116, stack(0x000000001a590000,0x000000001a690000)]
  0x000000000323d800 JavaThread "main" [_thread_blocked, id=17908, stack(0x0000000003110000,0x0000000003210000)]

Other Threads:
  0x00000000183b6000 VMThread [stack: 0x000000001a090000,0x000000001a190000] [id=1160]
  0x000000001a257000 WatcherThread [stack: 0x000000001af90000,0x000000001b090000] [id=14212]

VM state:not at safepoint (normal execution)

VM Mutex/Monitor currently owned by a thread: None

heap address: 0x0000000080000000, size: 2048 MB, Compressed Oops mode: 32-bit
Narrow klass base: 0x0000000000000000, Narrow klass shift: 3
Compressed class space size: 1073741824 Address: 0x0000000100000000

Heap:
 PSYoungGen      total 397824K, used 143643K [0x00000000d5580000, 0x00000000f3500000, 0x0000000100000000)
  eden space 381952K, 33% used [0x00000000d5580000,0x00000000dd277ca8,0x00000000eca80000)
  from space 15872K, 98% used [0x00000000f2580000,0x00000000f34cf128,0x00000000f3500000)
  to   space 46592K, 0% used [0x00000000eda00000,0x00000000eda00000,0x00000000f0780000)
 ParOldGen       total 215040K, used 77892K [0x0000000080000000, 0x000000008d200000, 0x00000000d5580000)
  object space 215040K, 36% used [0x0000000080000000,0x0000000084c11278,0x000000008d200000)
 Metaspace       used 97233K, capacity 102030K, committed 102616K, reserved 1138688K
  class space    used 12704K, capacity 13704K, committed 13824K, reserved 1048576K

Card table byte_map: [0x0000000012710000,0x0000000012b20000] byte_map_base: 0x0000000012310000

Marking Bits: (ParMarkBitMap*) 0x000000006ff4f030
 Begin Bits: [0x00000000135d0000, 0x00000000155d0000)
 End Bits:   [0x00000000155d0000, 0x00000000175d0000)

Polling page: 0x0000000001410000

CodeCache: size=245760Kb used=42417Kb max_used=42428Kb free=203342Kb
 bounds [0x0000000003350000, 0x0000000005d00000, 0x0000000012350000]
 total_blobs=13265 nmethods=12363 adapters=812
 compilation: enabled

Compilation events (10 events):
Event: 649.523 Thread 0x000000001a1c2000 nmethod 14847 0x00000000041c3e50 code [0x00000000041c3fe0, 0x00000000041c4368]
Event: 649.666 Thread 0x000000001a1c2000 14850       4       org.gradle.internal.operations.logging.LoggingBuildOperationProgressBroadcaster::onOutput (105 bytes)
Event: 649.672 Thread 0x000000001a1c2000 nmethod 14850 0x00000000041c3990 code [0x00000000041c3b00, 0x00000000041c3c38]
Event: 649.692 Thread 0x00000000183cb000 nmethod 14846 0x0000000005cf1d10 code [0x0000000005cf20c0, 0x0000000005cf4f30]
Event: 649.708 Thread 0x000000001a1d5000 14851       3       org.gradle.tooling.internal.provider.runner.ClientForwardingProjectConfigurationOperationListener::finished (92 bytes)
Event: 649.713 Thread 0x000000001a1d5000 nmethod 14851 0x00000000043b6f50 code [0x00000000043b72c0, 0x00000000043b92f8]
Event: 649.728 Thread 0x000000001a1d5000 14852       1       java.util.concurrent.locks.AbstractQueuedSynchronizer::setState (6 bytes)
Event: 649.728 Thread 0x000000001a1d5000 nmethod 14852 0x00000000058b5350 code [0x00000000058b54a0, 0x00000000058b55b0]
Event: 649.738 Thread 0x000000001a1c2000 14853       4       com.google.common.cache.LocalCache$Segment::enqueueNotification (67 bytes)
Event: 649.748 Thread 0x000000001a1c2000 nmethod 14853 0x00000000043b6790 code [0x00000000043b6900, 0x00000000043b6c38]

GC Heap History (10 events):
Event: 20.550 GC heap before
{Heap before GC invocations=16 (full 3):
 PSYoungGen      total 266240K, used 266220K [0x00000000d5580000, 0x00000000e8f00000, 0x0000000100000000)
  eden space 240128K, 100% used [0x00000000d5580000,0x00000000e4000000,0x00000000e4000000)
  from space 26112K, 99% used [0x00000000e5f80000,0x00000000e78fb260,0x00000000e7900000)
  to   space 32256K, 0% used [0x00000000e4000000,0x00000000e4000000,0x00000000e5f80000)
 ParOldGen       total 135168K, used 38804K [0x0000000080000000, 0x0000000088400000, 0x00000000d5580000)
  object space 135168K, 28% used [0x0000000080000000,0x00000000825e5158,0x0000000088400000)
 Metaspace       used 85798K, capacity 90082K, committed 90200K, reserved 1126400K
  class space    used 11529K, capacity 12348K, committed 12416K, reserved 1048576K
Event: 20.648 GC heap after
Heap after GC invocations=16 (full 3):
 PSYoungGen      total 272384K, used 32228K [0x00000000d5580000, 0x00000000ed480000, 0x0000000100000000)
  eden space 240128K, 0% used [0x00000000d5580000,0x00000000d5580000,0x00000000e4000000)
  from space 32256K, 99% used [0x00000000e4000000,0x00000000e5f792b0,0x00000000e5f80000)
  to   space 40960K, 0% used [0x00000000eac80000,0x00000000eac80000,0x00000000ed480000)
 ParOldGen       total 135168K, used 49134K [0x0000000080000000, 0x0000000088400000, 0x00000000d5580000)
  object space 135168K, 36% used [0x0000000080000000,0x0000000082ffbb78,0x0000000088400000)
 Metaspace       used 85798K, capacity 90082K, committed 90200K, reserved 1126400K
  class space    used 11529K, capacity 12348K, committed 12416K, reserved 1048576K
}
Event: 24.841 GC heap before
{Heap before GC invocations=17 (full 3):
 PSYoungGen      total 272384K, used 272356K [0x00000000d5580000, 0x00000000ed480000, 0x0000000100000000)
  eden space 240128K, 100% used [0x00000000d5580000,0x00000000e4000000,0x00000000e4000000)
  from space 32256K, 99% used [0x00000000e4000000,0x00000000e5f792b0,0x00000000e5f80000)
  to   space 40960K, 0% used [0x00000000eac80000,0x00000000eac80000,0x00000000ed480000)
 ParOldGen       total 135168K, used 49134K [0x0000000080000000, 0x0000000088400000, 0x00000000d5580000)
  object space 135168K, 36% used [0x0000000080000000,0x0000000082ffbb78,0x0000000088400000)
 Metaspace       used 92128K, capacity 96994K, committed 97112K, reserved 1132544K
  class space    used 12401K, capacity 13385K, committed 13440K, reserved 1048576K
Event: 25.007 GC heap after
Heap after GC invocations=17 (full 3):
 PSYoungGen      total 341504K, used 40932K [0x00000000d5580000, 0x00000000eea00000, 0x0000000100000000)
  eden space 300544K, 0% used [0x00000000d5580000,0x00000000d5580000,0x00000000e7b00000)
  from space 40960K, 99% used [0x00000000eac80000,0x00000000ed479180,0x00000000ed480000)
  to   space 50688K, 0% used [0x00000000e7b00000,0x00000000e7b00000,0x00000000eac80000)
 ParOldGen       total 135168K, used 56731K [0x0000000080000000, 0x0000000088400000, 0x00000000d5580000)
  object space 135168K, 41% used [0x0000000080000000,0x0000000083766fa0,0x0000000088400000)
 Metaspace       used 92128K, capacity 96994K, committed 97112K, reserved 1132544K
  class space    used 12401K, capacity 13385K, committed 13440K, reserved 1048576K
}
Event: 25.517 GC heap before
{Heap before GC invocations=18 (full 3):
 PSYoungGen      total 341504K, used 61640K [0x00000000d5580000, 0x00000000eea00000, 0x0000000100000000)
  eden space 300544K, 6% used [0x00000000d5580000,0x00000000d69b9230,0x00000000e7b00000)
  from space 40960K, 99% used [0x00000000eac80000,0x00000000ed479180,0x00000000ed480000)
  to   space 50688K, 0% used [0x00000000e7b00000,0x00000000e7b00000,0x00000000eac80000)
 ParOldGen       total 135168K, used 56731K [0x0000000080000000, 0x0000000088400000, 0x00000000d5580000)
  object space 135168K, 41% used [0x0000000080000000,0x0000000083766fa0,0x0000000088400000)
 Metaspace       used 93230K, capacity 98326K, committed 98380K, reserved 1134592K
  class space    used 12520K, capacity 13523K, committed 13568K, reserved 1048576K
Event: 25.637 GC heap after
Heap after GC invocations=18 (full 3):
 PSYoungGen      total 351232K, used 23091K [0x00000000d5580000, 0x00000000f5500000, 0x0000000100000000)
  eden space 300544K, 0% used [0x00000000d5580000,0x00000000d5580000,0x00000000e7b00000)
  from space 50688K, 45% used [0x00000000e7b00000,0x00000000e918cda0,0x00000000eac80000)
  to   space 48640K, 0% used [0x00000000f2580000,0x00000000f2580000,0x00000000f5500000)
 ParOldGen       total 135168K, used 75322K [0x0000000080000000, 0x0000000088400000, 0x00000000d5580000)
  object space 135168K, 55% used [0x0000000080000000,0x000000008498e970,0x0000000088400000)
 Metaspace       used 93230K, capacity 98326K, committed 98380K, reserved 1134592K
  class space    used 12520K, capacity 13523K, committed 13568K, reserved 1048576K
}
Event: 25.637 GC heap before
{Heap before GC invocations=19 (full 4):
 PSYoungGen      total 351232K, used 23091K [0x00000000d5580000, 0x00000000f5500000, 0x0000000100000000)
  eden space 300544K, 0% used [0x00000000d5580000,0x00000000d5580000,0x00000000e7b00000)
  from space 50688K, 45% used [0x00000000e7b00000,0x00000000e918cda0,0x00000000eac80000)
  to   space 48640K, 0% used [0x00000000f2580000,0x00000000f2580000,0x00000000f5500000)
 ParOldGen       total 135168K, used 75322K [0x0000000080000000, 0x0000000088400000, 0x00000000d5580000)
  object space 135168K, 55% used [0x0000000080000000,0x000000008498e970,0x0000000088400000)
 Metaspace       used 93230K, capacity 98326K, committed 98380K, reserved 1134592K
  class space    used 12520K, capacity 13523K, committed 13568K, reserved 1048576K
Event: 28.500 GC heap after
Heap after GC invocations=19 (full 4):
 PSYoungGen      total 351232K, used 0K [0x00000000d5580000, 0x00000000f5500000, 0x0000000100000000)
  eden space 300544K, 0% used [0x00000000d5580000,0x00000000d5580000,0x00000000e7b00000)
  from space 50688K, 0% used [0x00000000e7b00000,0x00000000e7b00000,0x00000000eac80000)
  to   space 48640K, 0% used [0x00000000f2580000,0x00000000f2580000,0x00000000f5500000)
 ParOldGen       total 215040K, used 77884K [0x0000000080000000, 0x000000008d200000, 0x00000000d5580000)
  object space 215040K, 36% used [0x0000000080000000,0x0000000084c0f278,0x000000008d200000)
 Metaspace       used 92889K, capacity 97300K, committed 98380K, reserved 1134592K
  class space    used 12411K, capacity 13304K, committed 13568K, reserved 1048576K
}
Event: 265.265 GC heap before
{Heap before GC invocations=20 (full 4):
 PSYoungGen      total 351232K, used 300544K [0x00000000d5580000, 0x00000000f5500000, 0x0000000100000000)
  eden space 300544K, 100% used [0x00000000d5580000,0x00000000e7b00000,0x00000000e7b00000)
  from space 50688K, 0% used [0x00000000e7b00000,0x00000000e7b00000,0x00000000eac80000)
  to   space 48640K, 0% used [0x00000000f2580000,0x00000000f2580000,0x00000000f5500000)
 ParOldGen       total 215040K, used 77884K [0x0000000080000000, 0x000000008d200000, 0x00000000d5580000)
  object space 215040K, 36% used [0x0000000080000000,0x0000000084c0f278,0x000000008d200000)
 Metaspace       used 96862K, capacity 101720K, committed 102360K, reserved 1138688K
  class space    used 12680K, capacity 13675K, committed 13824K, reserved 1048576K
Event: 265.461 GC heap after
Heap after GC invocations=20 (full 4):
 PSYoungGen      total 397824K, used 15676K [0x00000000d5580000, 0x00000000f3500000, 0x0000000100000000)
  eden space 381952K, 0% used [0x00000000d5580000,0x00000000d5580000,0x00000000eca80000)
  from space 15872K, 98% used [0x00000000f2580000,0x00000000f34cf128,0x00000000f3500000)
  to   space 46592K, 0% used [0x00000000eda00000,0x00000000eda00000,0x00000000f0780000)
 ParOldGen       total 215040K, used 77892K [0x0000000080000000, 0x000000008d200000, 0x00000000d5580000)
  object space 215040K, 36% used [0x0000000080000000,0x0000000084c11278,0x000000008d200000)
 Metaspace       used 96862K, capacity 101720K, committed 102360K, reserved 1138688K
  class space    used 12680K, capacity 13675K, committed 13824K, reserved 1048576K
}

Deoptimization events (10 events):
Event: 268.788 Thread 0x000000001ff0e000 Uncommon trap: reason=unstable_if action=reinterpret pc=0x0000000003684c08 method=com.esotericsoftware.kryo.io.Input.require(I)I @ 180
Event: 647.309 Thread 0x000000001ff0c800 Uncommon trap: reason=predicate action=maybe_recompile pc=0x0000000005b80a00 method=java.util.TimSort.binarySort([Ljava/lang/Object;IIILjava/util/Comparator;)V @ 37
Event: 647.870 Thread 0x000000001ff0e000 Uncommon trap: reason=class_check action=maybe_recompile pc=0x00000000055239e8 method=java.util.stream.ReduceOps$ReduceOp.evaluateSequential(Ljava/util/stream/PipelineHelper;Ljava/util/Spliterator;)Ljava/lang/Object; @ 2
Event: 647.943 Thread 0x000000001ff0e000 Uncommon trap: reason=unstable_if action=reinterpret pc=0x0000000005466b38 method=org.gradle.internal.operations.DefaultBuildOperationExecutor.maybeStartUnmanagedThreadOperation(Lorg/gradle/internal/operations/DefaultBuildOperationExecutor$BuildOperationS
Event: 648.571 Thread 0x000000001ff0e000 Uncommon trap: reason=unstable_if action=reinterpret pc=0x0000000005467614 method=org.gradle.tooling.internal.provider.runner.ClientForwardingProjectConfigurationOperationListener.finished(Lorg/gradle/internal/operations/BuildOperationDescriptor;Lorg/grad
Event: 648.709 Thread 0x000000001ff0e000 Uncommon trap: reason=class_check action=maybe_recompile pc=0x00000000059c9420 method=org.gradle.tooling.internal.provider.runner.SubtreeFilteringBuildOperationListener.started(Lorg/gradle/internal/operations/BuildOperationDescriptor;Lorg/gradle/internal/
Event: 649.763 Thread 0x000000001ff0e000 Uncommon trap: reason=class_check action=maybe_recompile pc=0x00000000059c2ca0 method=org.gradle.internal.vfs.impl.DefaultVirtualFileSystem.readLocation(Ljava/lang/String;)Lorg/gradle/internal/snapshot/CompleteFileSystemLocationSnapshot; @ 8
Event: 649.765 Thread 0x000000001ff0e000 Uncommon trap: reason=class_check action=maybe_recompile pc=0x00000000042211ac method=org.gradle.internal.snapshot.SnapshotHierarchy.getSnapshot(Ljava/lang/String;)Ljava/util/Optional; @ 2
Event: 649.767 Thread 0x000000001ff0e000 Uncommon trap: reason=class_check action=maybe_recompile pc=0x00000000042211ac method=org.gradle.internal.snapshot.SnapshotHierarchy.getSnapshot(Ljava/lang/String;)Ljava/util/Optional; @ 2
Event: 649.773 Thread 0x000000001ff0e000 Uncommon trap: reason=class_check action=maybe_recompile pc=0x00000000054468f0 method=org.gradle.internal.vfs.impl.DefaultSnapshotHierarchy.getMetadata(Ljava/lang/String;)Ljava/util/Optional; @ 9

Classes redefined (0 events):
No events

Internal exceptions (10 events):
Event: 261.376 Thread 0x000000001ff08800 Implicit null exception at 0x00000000035a1916 to 0x00000000035a1ca9
Event: 261.901 Thread 0x000000001ff08800 Implicit null exception at 0x0000000004c3221c to 0x0000000004c32b29
Event: 264.454 Thread 0x000000001c686000 Exception <a 'sun/nio/fs/WindowsException'> (0x00000000e4db6050) thrown at [C:\src\AOSP-openjdk-git\hotspot\src\share\vm\prims\jni.cpp, line 710]
Event: 264.499 Thread 0x000000001c686000 Exception <a 'sun/nio/fs/WindowsException'> (0x00000000e4ddddd0) thrown at [C:\src\AOSP-openjdk-git\hotspot\src\share\vm\prims\jni.cpp, line 710]
Event: 266.565 Thread 0x000000001ff08800 Exception <a 'java/lang/reflect/InvocationTargetException'> (0x00000000d6b3f798) thrown at [C:\src\AOSP-openjdk-git\hotspot\src\share\vm\runtime\reflection.cpp, line 1092]
Event: 647.311 Thread 0x000000001ff0c800 Exception <a 'java/lang/NoSuchMethodError': <clinit>> (0x00000000dc316cd8) thrown at [C:\src\AOSP-openjdk-git\hotspot\src\share\vm\prims\jni.cpp, line 1615]
Event: 647.942 Thread 0x000000001ff0e000 Implicit null exception at 0x000000000546694d to 0x0000000005466b1d
Event: 648.753 Thread 0x000000001ff08800 Exception <a 'java/lang/NoSuchMethodError': <clinit>> (0x00000000dc3a7ef0) thrown at [C:\src\AOSP-openjdk-git\hotspot\src\share\vm\prims\jni.cpp, line 1615]
Event: 648.759 Thread 0x000000001ff08800 Exception <a 'java/lang/NoSuchMethodError': <clinit>> (0x00000000dc3b72f8) thrown at [C:\src\AOSP-openjdk-git\hotspot\src\share\vm\prims\jni.cpp, line 1615]
Event: 648.760 Thread 0x000000001ff08800 Exception <a 'java/lang/NoSuchMethodError': <clinit>> (0x00000000dc3ba418) thrown at [C:\src\AOSP-openjdk-git\hotspot\src\share\vm\prims\jni.cpp, line 1615]

Events (10 events):
Event: 649.765 Thread 0x000000001ff0e000 Uncommon trap: trap_request=0xffffffde fr.pc=0x00000000042211ac
Event: 649.765 Thread 0x000000001ff0e000 DEOPT PACKING pc=0x00000000042211ac sp=0x000000001df6b4b0
Event: 649.765 Thread 0x000000001ff0e000 DEOPT UNPACKING pc=0x000000000339557b sp=0x000000001df6b460 mode 2
Event: 649.767 Thread 0x000000001ff0e000 Uncommon trap: trap_request=0xffffffde fr.pc=0x00000000042211ac
Event: 649.767 Thread 0x000000001ff0e000 DEOPT PACKING pc=0x00000000042211ac sp=0x000000001df6b260
Event: 649.767 Thread 0x000000001ff0e000 DEOPT UNPACKING pc=0x000000000339557b sp=0x000000001df6b200 mode 2
Event: 649.773 Thread 0x0000000030d3a000 Thread added: 0x0000000030d3a000
Event: 649.773 Thread 0x000000001ff0e000 Uncommon trap: trap_request=0xffffffde fr.pc=0x00000000054468f0
Event: 649.773 Thread 0x000000001ff0e000 DEOPT PACKING pc=0x00000000054468f0 sp=0x000000001df6b440
Event: 649.774 Thread 0x000000001ff0e000 DEOPT UNPACKING pc=0x000000000339557b sp=0x000000001df6b3e8 mode 2


Dynamic libraries:
0x00007ff638f20000 - 0x00007ff638f51000 	C:\Program Files\Android\Android Studio\jre\bin\java.exe
0x00007ffd00d90000 - 0x00007ffd00f86000 	C:\WINDOWS\SYSTEM32\ntdll.dll
0x00007ffcff4f0000 - 0x00007ffcff5ad000 	C:\WINDOWS\System32\KERNEL32.DLL
0x00007ffcfe4d0000 - 0x00007ffcfe799000 	C:\WINDOWS\System32\KERNELBASE.dll
0x00007ffcffcb0000 - 0x00007ffcffd5c000 	C:\WINDOWS\System32\ADVAPI32.dll
0x00007ffcffa20000 - 0x00007ffcffabe000 	C:\WINDOWS\System32\msvcrt.dll
0x00007ffd00c80000 - 0x00007ffd00d1c000 	C:\WINDOWS\System32\sechost.dll
0x00007ffcfedf0000 - 0x00007ffcfef1b000 	C:\WINDOWS\System32\RPCRT4.dll
0x00007ffcffd60000 - 0x00007ffcfff00000 	C:\WINDOWS\System32\USER32.dll
0x00007ffcfea40000 - 0x00007ffcfea62000 	C:\WINDOWS\System32\win32u.dll
0x00007ffd00d20000 - 0x00007ffd00d4a000 	C:\WINDOWS\System32\GDI32.dll
0x00007ffcfe7a0000 - 0x00007ffcfe8ab000 	C:\WINDOWS\System32\gdi32full.dll
0x00007ffcfea70000 - 0x00007ffcfeb0d000 	C:\WINDOWS\System32\msvcp_win.dll
0x00007ffcfec70000 - 0x00007ffcfed70000 	C:\WINDOWS\System32\ucrtbase.dll
0x00007ffce8310000 - 0x00007ffce85ab000 	C:\WINDOWS\WinSxS\amd64_microsoft.windows.common-controls_6595b64144ccf1df_6.0.19041.746_none_ca02b4b61b8320a4\COMCTL32.dll
0x00007ffd00650000 - 0x00007ffd00680000 	C:\WINDOWS\System32\IMM32.DLL
0x0000000071180000 - 0x0000000071252000 	C:\Program Files\Android\Android Studio\jre\jre\bin\msvcr100.dll
0x000000006f780000 - 0x000000006ffcb000 	C:\Program Files\Android\Android Studio\jre\jre\bin\server\jvm.dll
0x00007ffcff300000 - 0x00007ffcff308000 	C:\WINDOWS\System32\PSAPI.DLL
0x00007ffcf8bb0000 - 0x00007ffcf8bb9000 	C:\WINDOWS\SYSTEM32\WSOCK32.dll
0x00007ffcf6a70000 - 0x00007ffcf6a7a000 	C:\WINDOWS\SYSTEM32\VERSION.dll
0x00007ffce7d00000 - 0x00007ffce7d27000 	C:\WINDOWS\SYSTEM32\WINMM.dll
0x00007ffcffc40000 - 0x00007ffcffcab000 	C:\WINDOWS\System32\WS2_32.dll
0x00007ffcec110000 - 0x00007ffcec11f000 	C:\Program Files\Android\Android Studio\jre\jre\bin\verify.dll
0x00007ffcec030000 - 0x00007ffcec059000 	C:\Program Files\Android\Android Studio\jre\jre\bin\java.dll
0x00007ffceb900000 - 0x00007ffceb916000 	C:\Program Files\Android\Android Studio\jre\jre\bin\zip.dll
0x00007ffcfff00000 - 0x00007ffd00643000 	C:\WINDOWS\System32\SHELL32.dll
0x00007ffcfc630000 - 0x00007ffcfcdbf000 	C:\WINDOWS\SYSTEM32\windows.storage.dll
0x00007ffcfef20000 - 0x00007ffcff276000 	C:\WINDOWS\System32\combase.dll
0x00007ffcfdec0000 - 0x00007ffcfdeec000 	C:\WINDOWS\SYSTEM32\Wldp.dll
0x00007ffd00bd0000 - 0x00007ffd00c7e000 	C:\WINDOWS\System32\SHCORE.dll
0x00007ffd009d0000 - 0x00007ffd00a25000 	C:\WINDOWS\System32\shlwapi.dll
0x00007ffcfe400000 - 0x00007ffcfe426000 	C:\WINDOWS\SYSTEM32\profapi.dll
0x00007ffceb8e0000 - 0x00007ffceb8fa000 	C:\Program Files\Android\Android Studio\jre\jre\bin\net.dll
0x00007ffcfdc40000 - 0x00007ffcfdcaa000 	C:\WINDOWS\system32\mswsock.dll
0x00007ffceb8c0000 - 0x00007ffceb8d3000 	C:\Program Files\Android\Android Studio\jre\jre\bin\nio.dll
0x00007ffcd2a00000 - 0x00007ffcd2a27000 	C:\Users\uttka\.gradle\native\f6784746aeab05261644944871eae4fe03e0ef1612fff0a4a95f87b438bc6780\windows-amd64\native-platform.dll
0x00007ffceb8b0000 - 0x00007ffceb8bd000 	C:\Program Files\Android\Android Studio\jre\jre\bin\management.dll
0x00007ffcfde20000 - 0x00007ffcfde38000 	C:\WINDOWS\SYSTEM32\CRYPTSP.dll
0x00007ffcfd5e0000 - 0x00007ffcfd614000 	C:\WINDOWS\system32\rsaenh.dll
0x00007ffcfe8b0000 - 0x00007ffcfe8d7000 	C:\WINDOWS\System32\bcrypt.dll
0x00007ffcfe380000 - 0x00007ffcfe3ae000 	C:\WINDOWS\SYSTEM32\USERENV.dll
0x00007ffcfed70000 - 0x00007ffcfedf0000 	C:\WINDOWS\System32\bcryptprimitives.dll
0x00007ffcfde10000 - 0x00007ffcfde1c000 	C:\WINDOWS\SYSTEM32\CRYPTBASE.dll
0x00007ffcfd930000 - 0x00007ffcfd96b000 	C:\WINDOWS\SYSTEM32\IPHLPAPI.DLL
0x00007ffd00690000 - 0x00007ffd00698000 	C:\WINDOWS\System32\NSI.dll
0x00007ffcf2e10000 - 0x00007ffcf2e27000 	C:\WINDOWS\SYSTEM32\dhcpcsvc6.DLL
0x00007ffcf2d20000 - 0x00007ffcf2d3d000 	C:\WINDOWS\SYSTEM32\dhcpcsvc.DLL
0x00007ffcfd970000 - 0x00007ffcfda3b000 	C:\WINDOWS\SYSTEM32\DNSAPI.dll
0x00007ffcf66f0000 - 0x00007ffcf66fb000 	C:\WINDOWS\SYSTEM32\WINNSI.DLL
0x00007ffcfd210000 - 0x00007ffcfd243000 	C:\WINDOWS\SYSTEM32\ntmarta.dll
0x00007ffce7190000 - 0x00007ffce71b4000 	C:\Program Files\Android\Android Studio\jre\jre\bin\sunec.dll
0x00007ffcf6750000 - 0x00007ffcf675a000 	C:\Windows\System32\rasadhlp.dll
0x00007ffcef610000 - 0x00007ffcef68f000 	C:\WINDOWS\System32\fwpuclnt.dll
0x00007ffceb8a0000 - 0x00007ffceb8ab000 	C:\Program Files\Android\Android Studio\jre\jre\bin\sunmscapi.dll
0x00007ffcfe8e0000 - 0x00007ffcfea36000 	C:\WINDOWS\System32\CRYPT32.dll

VM Arguments:
jvm_args: -Xmx2048m -Dfile.encoding=UTF-8 -Duser.country=IN -Duser.language=en -Duser.variant 
java_command: org.gradle.launcher.daemon.bootstrap.GradleDaemon 6.5
java_class_path (initial): C:\Users\uttka\.gradle\wrapper\dists\gradle-6.5-bin\6nifqtx7604sqp1q6g8wikw7p\gradle-6.5\lib\gradle-launcher-6.5.jar
Launcher Type: SUN_STANDARD

Environment Variables:
PATH=C:\src\flutter\flutter\bin;C:\Users\uttka\AppData\Local\Android\Sdk\platform-tools;C:\Program Files (x86)\Common Files\Oracle\Java\javapath;C:\WINDOWS\system32;C:\WINDOWS;C:\WINDOWS\System32\Wbem;C:\WINDOWS\System32\WindowsPowerShell\v1.0\;C:\WINDOWS\System32\OpenSSH\;C:\Program Files\Java\jdk1.8.0_261\bin;C:\Program Files\Java\jre1.8.0_261\bin;D:\git Folder\Git\cmd;C:\src\flutter\flutter\bin;C:\Users\uttka\AppData\Local\Android\Sdk\platform-tools;C:\Users\uttka\AppData\Local\Microsoft\WindowsApps;C:\Users\uttka\AppData\Local\atom\bin;C:\Users\uttka\AppData\Local\GitHubDesktop\bin;C:\Users\uttka\AppData\Local\Microsoft\WindowsApps;
USERNAME=uttka
OS=Windows_NT
PROCESSOR_IDENTIFIER=Intel64 Family 6 Model 142 Stepping 12, GenuineIntel



---------------  S Y S T E M  ---------------

OS: Windows 10.0 , 64 bit Build 19041 (10.0.19041.662)

CPU:total 8 (initial active 8) (4 cores per cpu, 2 threads per core) family 6 model 142 stepping 12, cmov, cx8, fxsr, mmx, sse, sse2, sse3, ssse3, sse4.1, sse4.2, popcnt, avx, avx2, aes, clmul, erms, 3dnowpref, lzcnt, ht, tsc, tscinvbit, bmi1, bmi2, adx

Memory: 4k page, physical 8236732k(24824k free), swap 33402556k(5144k free)

vm_info: OpenJDK 64-Bit Server VM (25.242-b01) for windows-amd64 JRE (1.8.0_242-release-1644-b01), built by "builder" with MS VC++ 10.0 (VS2010)

time: Thu Feb 11 00:40:24 2021
timezone: India Standard Time
elapsed time: 649 seconds (0d 0h 10m 49s)

